#
# A fatal error has been detected by the Java Runtime Environment:
#
#  SIGBUS (0x7) at pc=0x00007f1c852e1380, pid=3377, tid=0x00007f1c28ff5700
#
# JRE version: Java(TM) SE Runtime Environment (8.0_181-b13) (build 1.8.0_181-b13)
# Java VM: Java HotSpot(TM) 64-Bit Server VM (25.181-b13 mixed mode linux-amd64 compressed oops)
# Problematic frame:
# C  [libc.so.6+0x156380]
#
# Failed to write core dump. Core dumps have been disabled. To enable core dumping, try "ulimit -c unlimited" before starting Java again
#
# If you would like to submit a bug report, please visit:
#   http://bugreport.java.com/bugreport/crash.jsp
#

---------------  T H R E A D  ---------------

Current thread (0x00007f1c30164800):  JavaThread "http-nio-9000-exec-7" daemon [_thread_in_vm, id=9997, stack(0x00007f1c28ef5000,0x00007f1c28ff6000)]

siginfo: si_signo: 7 (SIGBUS), si_code: 2 (BUS_ADRERR), si_addr: 0x00007f1c6806bfe7

Registers:
RAX=0x00000000e9d0b280, RBX=0x00007f1c30164800, RCX=0x00000000e9d0b280, RDX=0x00000000000000c3
RSP=0x00007f1c28fef708, RBP=0x00007f1c28fef760, RSI=0x00007f1c6806bfdf, RDI=0x00000000e9d0b280
R8 =0x00007f1c28fef790, R9 =0x0000000000000010, R10=0x00007f1c6e04b267, R11=0x00007f1c85320590
R12=0x0000000000000000, R13=0x00007f1c28fef790, R14=0x00007f1c8515a040, R15=0x00007f1c8515ee00
RIP=0x00007f1c852e1380, EFLAGS=0x0000000000010216, CSGSFS=0x002b000000000033, ERR=0x0000000000000004
  TRAPNO=0x000000000000000e

Top of Stack: (sp=0x00007f1c28fef708)
0x00007f1c28fef708:   00007f1c84c2ed0f 0000000000000010
0x00007f1c28fef718:   00007f1c6806bfdf 00007f1c30164800
0x00007f1c28fef728:   00007f1c500233e0 00007f1c28fef760
0x00007f1c28fef738:   00000000000000c3 0000000000000000
0x00007f1c28fef748:   00007f1c28fef858 00007f1c28fef920
0x00007f1c28fef758:   00007f1c30164800 00007f1c28fef7b0
0x00007f1c28fef768:   00007f1c6e04b2e1 00000000000000c3
0x00007f1c28fef778:   000000008553d5e8 0000000000000000
0x00007f1c28fef788:   000000000000000a 00000000e9d0b270
0x00007f1c28fef798:   00007f1c00000000 00007f1c28fefb70
0x00007f1c28fef7a8:   00007f1c249909e0 00007f1c28fef8e0
0x00007f1c28fef7b8:   00007f1c6e3d0404 00007f1c28fef9e0
0x00007f1c28fef7c8:   0000000000000001 00007f1c28fefae0
0x00007f1c28fef7d8:   00007f1c8481b40b 00007f1c28fef830
0x00007f1c28fef7e8:   00007f1c84a41a1f 00007f1c850cc2b0
0x00007f1c28fef7f8:   00007f1c500233e0 0000000000000008
0x00007f1c28fef808:   000000000000000a 00000000000000c3
0x00007f1c28fef818:   00000000000000c3 00007f1c6806bfdf
0x00007f1c28fef828:   0000000000000010 00000000e9d0b270
0x00007f1c28fef838:   00000000000003d8 00007f1c28fef8e0
0x00007f1c28fef848:   00007f1c6d007ffd 00007f1c6d007ffd
0x00007f1c28fef858:   00000000000000c3 00007f1c24ba67d8
0x00007f1c28fef868:   0000000000000000 00007f1c28fef8e0
0x00007f1c28fef878:   0000000000000010 00007f1c28fef8e0
0x00007f1c28fef888:   00000000e9d0b270 00007f1c6806bfdf
0x00007f1c28fef898:   00000000e9a49b98 00007f1c28fef8a0
0x00007f1c28fef8a8:   00007f1c819d1b4d 00007f1c28fef920
0x00007f1c28fef8b8:   00007f1c819d51c0 0000000000000000
0x00007f1c28fef8c8:   00007f1c819d1b80 00007f1c28fef858
0x00007f1c28fef8d8:   00007f1c28fef908 00007f1c28fef968
0x00007f1c28fef8e8:   00007f1c6d007d80 000000000000036b
0x00007f1c28fef8f8:   000000000001a34a 0000000000019fdf 

Instructions: (pc=0x00007f1c852e1380)
0x00007f1c852e1360:   00 77 1d 4d 63 0c 93 48 01 d6 48 01 d7 4d 01 d9
0x00007f1c852e1370:   41 ff e1 0f 0b 90 66 2e 0f 1f 84 00 00 00 00 00
0x00007f1c852e1380:   f3 0f 6f 06 48 89 f9 48 83 e7 f0 48 83 c7 10 49
0x00007f1c852e1390:   89 c8 48 29 f9 48 01 ca 48 29 ce 48 8b 0d 36 de 

Register to memory mapping:

RAX=0x00000000e9d0b280 is an oop
